2025-12-28 18:27:13 INFO  [main] c.alura.churn.ChurnApplicationTests: Starting ChurnApplicationTests using Java 17.0.17 with PID 16496 (started by Gabriel in C:\Users\Gabriel\Desktop\churn\churn)
2025-12-28 18:27:13 INFO  [main] c.alura.churn.ChurnApplicationTests: No active profile set, falling back to 1 default profile: "default"
2025-12-28 18:27:14 INFO  [main] o.s.d.r.c.RepositoryConfigurationDelegate: Bootstrapping Spring Data JPA repositories in DEFAULT mode.
2025-12-28 18:27:14 INFO  [main] o.s.d.r.c.RepositoryConfigurationDelegate: Finished Spring Data repository scanning in 65 ms. Found 1 JPA repository interface.
2025-12-28 18:27:14 INFO  [main] o.h.jpa.internal.util.LogHelper: HHH000204: Processing PersistenceUnitInfo [name: default]
2025-12-28 18:27:14 INFO  [main] org.hibernate.Version: HHH000412: Hibernate ORM core version 6.4.4.Final
2025-12-28 18:27:14 INFO  [main] o.h.c.i.RegionFactoryInitiator: HHH000026: Second-level cache disabled
2025-12-28 18:27:15 INFO  [main] o.s.o.j.p.SpringPersistenceUnitInfo: No LoadTimeWeaver setup: ignoring JPA class transformer
2025-12-28 18:27:15 INFO  [main] com.zaxxer.hikari.HikariDataSource: HikariPool-1 - Starting...
2025-12-28 18:27:15 INFO  [main] com.zaxxer.hikari.pool.HikariPool: HikariPool-1 - Added connection conn0: url=jdbc:h2:file:./data/churn_db user=SA
2025-12-28 18:27:15 INFO  [main] com.zaxxer.hikari.HikariDataSource: HikariPool-1 - Start completed.
2025-12-28 18:27:15 WARN  [main] org.hibernate.orm.deprecation: HHH90000025: H2Dialect does not need to be specified explicitly using 'hibernate.dialect' (remove the property setting and it will be selected by default)
2025-12-28 18:27:16 INFO  [main] o.h.e.t.j.p.i.JtaPlatformInitiator: HHH000489: No JTA platform available (set 'hibernate.transaction.jta.platform' to enable JTA platform integration)
2025-12-28 18:27:16 DEBUG [main] org.hibernate.SQL: create table predicciones (id bigint generated by default as identity, edad integer, fecha timestamp(6), pais integer, productos integer, resultado integer, score float(53), primary key (id))
2025-12-28 18:27:16 INFO  [main] o.s.o.j.LocalContainerEntityManagerFactoryBean: Initialized JPA EntityManagerFactory for persistence unit 'default'
2025-12-28 18:27:18 WARN  [main] o.s.b.a.o.j.JpaBaseConfiguration$JpaWebConfiguration: spring.jpa.open-in-view is enabled by default. Therefore, database queries may be performed during view rendering. Explicitly configure spring.jpa.open-in-view to disable this warning
2025-12-28 18:27:18 INFO  [main] o.s.b.a.w.s.WelcomePageHandlerMapping: Adding welcome page: class path resource [static/index.html]
2025-12-28 18:27:19 INFO  [main] o.s.b.a.h.H2ConsoleAutoConfiguration: H2 console available at '/h2-console'. Database available at 'jdbc:h2:file:./data/churn_db'
2025-12-28 18:27:19 INFO  [main] c.alura.churn.ChurnApplicationTests: Started ChurnApplicationTests in 6.132 seconds (process running for 7.354)
2025-12-28 18:27:19 INFO  [SpringApplicationShutdownHook] o.s.o.j.LocalContainerEntityManagerFactoryBean: Closing JPA EntityManagerFactory for persistence unit 'default'
2025-12-28 18:27:19 INFO  [SpringApplicationShutdownHook] com.zaxxer.hikari.HikariDataSource: HikariPool-1 - Shutdown initiated...
2025-12-28 18:27:19 INFO  [SpringApplicationShutdownHook] com.zaxxer.hikari.HikariDataSource: HikariPool-1 - Shutdown completed.
2025-12-28 18:29:02 INFO  [main] com.alura.churn.ChurnApplication: Starting ChurnApplication v0.0.1-SNAPSHOT using Java 17.0.17 with PID 15368 (C:\Users\Gabriel\Desktop\churn\churn\target\churn-0.0.1-SNAPSHOT.jar started by Gabriel in C:\Users\Gabriel\Desktop\churn\churn)
2025-12-28 18:29:02 INFO  [main] com.alura.churn.ChurnApplication: No active profile set, falling back to 1 default profile: "default"
2025-12-28 18:29:03 INFO  [main] o.s.d.r.c.RepositoryConfigurationDelegate: Bootstrapping Spring Data JPA repositories in DEFAULT mode.
2025-12-28 18:29:03 INFO  [main] o.s.d.r.c.RepositoryConfigurationDelegate: Finished Spring Data repository scanning in 77 ms. Found 1 JPA repository interface.
2025-12-28 18:29:04 INFO  [main] o.s.b.w.e.tomcat.TomcatWebServer: Tomcat initialized with port 8080 (http)
2025-12-28 18:29:04 INFO  [main] o.a.catalina.core.StandardService: Starting service [Tomcat]
2025-12-28 18:29:04 INFO  [main] o.a.catalina.core.StandardEngine: Starting Servlet engine: [Apache Tomcat/10.1.20]
2025-12-28 18:29:04 INFO  [main] o.a.c.c.C.[Tomcat].[localhost].[/]: Initializing Spring embedded WebApplicationContext
2025-12-28 18:29:04 INFO  [main] o.s.b.w.s.c.ServletWebServerApplicationContext: Root WebApplicationContext: initialization completed in 1890 ms
2025-12-28 18:29:04 INFO  [main] com.zaxxer.hikari.HikariDataSource: HikariPool-1 - Starting...
2025-12-28 18:29:04 INFO  [main] com.zaxxer.hikari.pool.HikariPool: HikariPool-1 - Added connection conn0: url=jdbc:h2:file:./data/churn_db user=SA
2025-12-28 18:29:04 INFO  [main] com.zaxxer.hikari.HikariDataSource: HikariPool-1 - Start completed.
2025-12-28 18:29:04 INFO  [main] o.s.b.a.h.H2ConsoleAutoConfiguration: H2 console available at '/h2-console'. Database available at 'jdbc:h2:file:./data/churn_db'
2025-12-28 18:29:04 INFO  [main] o.h.jpa.internal.util.LogHelper: HHH000204: Processing PersistenceUnitInfo [name: default]
2025-12-28 18:29:04 INFO  [main] org.hibernate.Version: HHH000412: Hibernate ORM core version 6.4.4.Final
2025-12-28 18:29:05 INFO  [main] o.h.c.i.RegionFactoryInitiator: HHH000026: Second-level cache disabled
2025-12-28 18:29:05 INFO  [main] o.s.o.j.p.SpringPersistenceUnitInfo: No LoadTimeWeaver setup: ignoring JPA class transformer
2025-12-28 18:29:05 WARN  [main] org.hibernate.orm.deprecation: HHH90000025: H2Dialect does not need to be specified explicitly using 'hibernate.dialect' (remove the property setting and it will be selected by default)
2025-12-28 18:29:06 INFO  [main] o.h.e.t.j.p.i.JtaPlatformInitiator: HHH000489: No JTA platform available (set 'hibernate.transaction.jta.platform' to enable JTA platform integration)
2025-12-28 18:29:06 INFO  [main] o.s.o.j.LocalContainerEntityManagerFactoryBean: Initialized JPA EntityManagerFactory for persistence unit 'default'
2025-12-28 18:29:08 WARN  [main] o.s.b.a.o.j.JpaBaseConfiguration$JpaWebConfiguration: spring.jpa.open-in-view is enabled by default. Therefore, database queries may be performed during view rendering. Explicitly configure spring.jpa.open-in-view to disable this warning
2025-12-28 18:29:09 INFO  [main] o.s.b.w.e.tomcat.TomcatWebServer: Tomcat started on port 8080 (http) with context path ''
2025-12-28 18:29:09 INFO  [main] com.alura.churn.ChurnApplication: Started ChurnApplication in 8.2 seconds (process running for 8.982)
2025-12-28 18:29:38 INFO  [http-nio-8080-exec-1] o.a.c.c.C.[Tomcat].[localhost].[/]: Initializing Spring DispatcherServlet 'dispatcherServlet'
2025-12-28 18:29:38 INFO  [http-nio-8080-exec-1] o.s.web.servlet.DispatcherServlet: Initializing Servlet 'dispatcherServlet'
2025-12-28 18:29:38 INFO  [http-nio-8080-exec-1] o.s.web.servlet.DispatcherServlet: Completed initialization in 0 ms
2025-12-28 18:29:39 DEBUG [http-nio-8080-exec-3] org.hibernate.SQL: select p1_0.id,p1_0.edad,p1_0.fecha,p1_0.pais,p1_0.productos,p1_0.resultado,p1_0.score from predicciones p1_0
2025-12-28 18:29:39 DEBUG [http-nio-8080-exec-4] org.hibernate.SQL: select p1_0.id,p1_0.edad,p1_0.fecha,p1_0.pais,p1_0.productos,p1_0.resultado,p1_0.score from predicciones p1_0
2025-12-28 18:29:39 DEBUG [http-nio-8080-exec-2] org.hibernate.SQL: select p1_0.id,p1_0.edad,p1_0.fecha,p1_0.pais,p1_0.productos,p1_0.resultado,p1_0.score from predicciones p1_0
2025-12-28 18:31:32 DEBUG [http-nio-8080-exec-4] org.hibernate.SQL: select p1_0.id,p1_0.edad,p1_0.fecha,p1_0.pais,p1_0.productos,p1_0.resultado,p1_0.score from predicciones p1_0
2025-12-28 18:31:32 DEBUG [http-nio-8080-exec-10] org.hibernate.SQL: select p1_0.id,p1_0.edad,p1_0.fecha,p1_0.pais,p1_0.productos,p1_0.resultado,p1_0.score from predicciones p1_0
2025-12-28 18:31:32 DEBUG [http-nio-8080-exec-1] org.hibernate.SQL: select p1_0.id,p1_0.edad,p1_0.fecha,p1_0.pais,p1_0.productos,p1_0.resultado,p1_0.score from predicciones p1_0
2025-12-28 18:33:02 DEBUG [http-nio-8080-exec-4] org.hibernate.SQL: select p1_0.id,p1_0.edad,p1_0.fecha,p1_0.pais,p1_0.productos,p1_0.resultado,p1_0.score from predicciones p1_0
2025-12-28 18:33:02 DEBUG [http-nio-8080-exec-10] org.hibernate.SQL: select p1_0.id,p1_0.edad,p1_0.fecha,p1_0.pais,p1_0.productos,p1_0.resultado,p1_0.score from predicciones p1_0
2025-12-28 18:33:02 DEBUG [http-nio-8080-exec-1] org.hibernate.SQL: select p1_0.id,p1_0.edad,p1_0.fecha,p1_0.pais,p1_0.productos,p1_0.resultado,p1_0.score from predicciones p1_0
2025-12-28 18:34:10 DEBUG [http-nio-8080-exec-4] org.hibernate.SQL: select p1_0.id,p1_0.edad,p1_0.fecha,p1_0.pais,p1_0.productos,p1_0.resultado,p1_0.score from predicciones p1_0
2025-12-28 18:34:10 DEBUG [http-nio-8080-exec-10] org.hibernate.SQL: select p1_0.id,p1_0.edad,p1_0.fecha,p1_0.pais,p1_0.productos,p1_0.resultado,p1_0.score from predicciones p1_0
2025-12-28 18:34:10 DEBUG [http-nio-8080-exec-9] org.hibernate.SQL: select p1_0.id,p1_0.edad,p1_0.fecha,p1_0.pais,p1_0.productos,p1_0.resultado,p1_0.score from predicciones p1_0
2025-12-28 18:39:29 INFO  [SpringApplicationShutdownHook] o.s.o.j.LocalContainerEntityManagerFactoryBean: Closing JPA EntityManagerFactory for persistence unit 'default'
2025-12-28 18:39:29 INFO  [SpringApplicationShutdownHook] com.zaxxer.hikari.HikariDataSource: HikariPool-1 - Shutdown initiated...
2025-12-28 18:39:29 INFO  [SpringApplicationShutdownHook] com.zaxxer.hikari.HikariDataSource: HikariPool-1 - Shutdown completed.
